build/app/intermediates/manifest_merge_blame_file/debug/manifest-merger-blame-debug-report.txt
1<?xml version="1.0" encoding="utf-8"?>
2<manifest xmlns:android="http://schemas.android.com/apk/res/android"
3    package="com.example.my_project"
4    android:versionCode="1"
5    android:versionName="1.0.0" >
6
7    <uses-sdk
8        android:minSdkVersion="19"
9        android:targetSdkVersion="31" />
10    <!--
11         Flutter needs it to communicate with the running application
12         to allow setting breakpoints, to provide hot reload, etc.
13    -->
14    <uses-permission android:name="android.permission.INTERNET" />
14-->src\debug\AndroidManifest.xml:6:5-66
14-->src\debug\AndroidManifest.xml:6:22-64
15    <uses-permission android:name="android.permission.ACCESS_NETWORK_STATE" />
15-->[:firebase_analytics] AndroidManifest.xml:7:5-79
15-->[:firebase_analytics] AndroidManifest.xml:7:22-76
16    <uses-permission android:name="android.permission.WAKE_LOCK" />
16-->[:firebase_analytics] AndroidManifest.xml:9:5-68
16-->[:firebase_analytics] AndroidManifest.xml:9:22-65
17    <uses-permission android:name="android.permission.RECEIVE_BOOT_COMPLETED" />
17-->[:flutter_local_notifications] AndroidManifest.xml:7:5-81
17-->[:flutter_local_notifications] AndroidManifest.xml:7:22-78
18    <uses-permission android:name="android.permission.VIBRATE" />
18-->[:flutter_local_notifications] AndroidManifest.xml:8:5-66
18-->[:flutter_local_notifications] AndroidManifest.xml:8:22-63
19    <uses-permission android:name="android.permission.USE_FULL_SCREEN_INTENT" />
19-->[:flutter_local_notifications] AndroidManifest.xml:9:5-81
19-->[:flutter_local_notifications] AndroidManifest.xml:9:22-78
20    <uses-permission android:name="android.permission.SCHEDULE_EXACT_ALARM" /> <!-- Required by older versions of Google Play services to create IID tokens -->
20-->[:flutter_local_notifications] AndroidManifest.xml:10:5-79
20-->[:flutter_local_notifications] AndroidManifest.xml:10:22-76
21    <uses-permission android:name="com.google.android.c2dm.permission.RECEIVE" />
21-->[com.google.firebase:firebase-messaging:23.0.0] AndroidManifest.xml:25:5-82
21-->[com.google.firebase:firebase-messaging:23.0.0] AndroidManifest.xml:25:22-79
22    <uses-permission android:name="com.google.android.finsky.permission.BIND_GET_INSTALL_REFERRER_SERVICE" /> <!-- Include required permissions for Advertising Id -->
22-->[com.google.android.gms:play-services-measurement:20.0.2] AndroidManifest.xml:26:5-110
22-->[com.google.android.gms:play-services-measurement:20.0.2] AndroidManifest.xml:26:22-107
23    <uses-permission android:name="com.google.android.gms.permission.AD_ID" />
23-->[com.google.android.gms:play-services-ads-identifier:18.0.0] AndroidManifest.xml:23:5-79
23-->[com.google.android.gms:play-services-ads-identifier:18.0.0] AndroidManifest.xml:23:22-76
24
25    <application
26        android:name="android.app.Application"
27        android:appComponentFactory="androidx.core.app.CoreComponentFactory"
27-->[androidx.core:core:1.6.0] AndroidManifest.xml:24:18-86
28        android:debuggable="true"
29        android:icon="@mipmap/launcher_icon"
30        android:label="HelpingHands" >
31        <activity
32            android:name="com.example.my_project.MainActivity"
33            android:configChanges="orientation|keyboardHidden|keyboard|screenSize|smallestScreenSize|locale|layoutDirection|fontScale|screenLayout|density|uiMode"
34            android:exported="true"
35            android:hardwareAccelerated="true"
36            android:launchMode="singleTop"
37            android:theme="@style/LaunchTheme"
38            android:windowSoftInputMode="adjustResize" >
39
40            <!--
41                 Specifies an Android theme to apply to this Activity as soon as
42                 the Android process has started. This theme is visible to the user
43                 while the Flutter UI initializes. After that, this theme continues
44                 to determine the Window background behind the Flutter UI.
45            -->
46            <meta-data
47                android:name="io.flutter.embedding.android.NormalTheme"
48                android:resource="@style/NormalTheme" />
49
50            <intent-filter>
51                <action android:name="android.intent.action.MAIN" />
52
53                <category android:name="android.intent.category.LAUNCHER" />
54            </intent-filter>
55        </activity>
56        <!--
57             Don't delete the meta-data below.
58             This is used by the Flutter tool to generate GeneratedPluginRegistrant.java
59        -->
60        <meta-data
61            android:name="flutterEmbedding"
62            android:value="2" />
63        <meta-data
64            android:name="com.google.firebase.messaging.default_notification_channel_id"
65            android:value="mychanel" />
66
67        <service
67-->[:firebase_analytics] AndroidManifest.xml:12:9-16:19
68            android:name="com.google.firebase.components.ComponentDiscoveryService"
68-->[:firebase_analytics] AndroidManifest.xml:12:18-89
69            android:directBootAware="true"
69-->[com.google.firebase:firebase-common:20.0.0] AndroidManifest.xml:35:13-43
70            android:exported="false" >
70-->[com.google.firebase:firebase-auth:21.0.1] AndroidManifest.xml:76:13-37
71            <meta-data
71-->[:firebase_analytics] AndroidManifest.xml:13:13-15:85
72                android:name="com.google.firebase.components:io.flutter.plugins.firebase.analytics.FlutterFirebaseAppRegistrar"
72-->[:firebase_analytics] AndroidManifest.xml:14:17-128
73                android:value="com.google.firebase.components.ComponentRegistrar" />
73-->[:firebase_analytics] AndroidManifest.xml:15:17-82
74            <meta-data
74-->[:firebase_auth] AndroidManifest.xml:9:13-11:85
75                android:name="com.google.firebase.components:io.flutter.plugins.firebase.auth.FlutterFirebaseAuthRegistrar"
75-->[:firebase_auth] AndroidManifest.xml:10:17-124
76                android:value="com.google.firebase.components.ComponentRegistrar" />
76-->[:firebase_auth] AndroidManifest.xml:11:17-82
77            <meta-data
77-->[:cloud_firestore] AndroidManifest.xml:9:13-11:85
78                android:name="com.google.firebase.components:io.flutter.plugins.firebase.firestore.FlutterFirebaseFirestoreRegistrar"
78-->[:cloud_firestore] AndroidManifest.xml:10:17-134
79                android:value="com.google.firebase.components.ComponentRegistrar" />
79-->[:cloud_firestore] AndroidManifest.xml:11:17-82
80            <meta-data
80-->[:firebase_messaging] AndroidManifest.xml:34:13-36:85
81                android:name="com.google.firebase.components:io.flutter.plugins.firebase.messaging.FlutterFirebaseAppRegistrar"
81-->[:firebase_messaging] AndroidManifest.xml:35:17-128
82                android:value="com.google.firebase.components.ComponentRegistrar" />
82-->[:firebase_messaging] AndroidManifest.xml:36:17-82
83            <meta-data
83-->[:firebase_core] AndroidManifest.xml:9:13-11:85
84                android:name="com.google.firebase.components:io.flutter.plugins.firebase.core.FlutterFirebaseCoreRegistrar"
84-->[:firebase_core] AndroidManifest.xml:10:17-124
85                android:value="com.google.firebase.components.ComponentRegistrar" />
85-->[:firebase_core] AndroidManifest.xml:11:17-82
86            <meta-data
86-->[com.google.firebase:firebase-auth:21.0.1] AndroidManifest.xml:77:13-79:85
87                android:name="com.google.firebase.components:com.google.firebase.auth.FirebaseAuthRegistrar"
87-->[com.google.firebase:firebase-auth:21.0.1] AndroidManifest.xml:78:17-109
88                android:value="com.google.firebase.components.ComponentRegistrar" />
88-->[com.google.firebase:firebase-auth:21.0.1] AndroidManifest.xml:79:17-82
89            <meta-data
89-->[com.google.firebase:firebase-firestore:24.0.1] AndroidManifest.xml:20:13-22:85
90                android:name="com.google.firebase.components:com.google.firebase.firestore.FirestoreRegistrar"
90-->[com.google.firebase:firebase-firestore:24.0.1] AndroidManifest.xml:21:17-111
91                android:value="com.google.firebase.components.ComponentRegistrar" />
91-->[com.google.firebase:firebase-firestore:24.0.1] AndroidManifest.xml:22:17-82
92            <meta-data
92-->[com.google.firebase:firebase-messaging:23.0.0] AndroidManifest.xml:52:13-54:85
93                android:name="com.google.firebase.components:com.google.firebase.messaging.FirebaseMessagingRegistrar"
93-->[com.google.firebase:firebase-messaging:23.0.0] AndroidManifest.xml:53:17-119
94                android:value="com.google.firebase.components.ComponentRegistrar" />
94-->[com.google.firebase:firebase-messaging:23.0.0] AndroidManifest.xml:54:17-82
95            <meta-data
95-->[com.google.android.gms:play-services-measurement-api:20.0.2] AndroidManifest.xml:30:13-32:85
96                android:name="com.google.firebase.components:com.google.firebase.analytics.connector.internal.AnalyticsConnectorRegistrar"
96-->[com.google.android.gms:play-services-measurement-api:20.0.2] AndroidManifest.xml:31:17-139
97                android:value="com.google.firebase.components.ComponentRegistrar" />
97-->[com.google.android.gms:play-services-measurement-api:20.0.2] AndroidManifest.xml:32:17-82
98            <meta-data
98-->[com.google.firebase:firebase-datatransport:18.0.0] AndroidManifest.xml:28:13-30:85
99                android:name="com.google.firebase.components:com.google.firebase.datatransport.TransportRegistrar"
99-->[com.google.firebase:firebase-datatransport:18.0.0] AndroidManifest.xml:29:17-115
100                android:value="com.google.firebase.components.ComponentRegistrar" />
100-->[com.google.firebase:firebase-datatransport:18.0.0] AndroidManifest.xml:30:17-82
101            <meta-data
101-->[com.google.firebase:firebase-installations:17.0.0] AndroidManifest.xml:18:13-20:85
102                android:name="com.google.firebase.components:com.google.firebase.installations.FirebaseInstallationsRegistrar"
102-->[com.google.firebase:firebase-installations:17.0.0] AndroidManifest.xml:19:17-127
103                android:value="com.google.firebase.components.ComponentRegistrar" />
103-->[com.google.firebase:firebase-installations:17.0.0] AndroidManifest.xml:20:17-82
104        </service>
105        <service
105-->[:firebase_messaging] AndroidManifest.xml:12:9-15:72
106            android:name="io.flutter.plugins.firebase.messaging.FlutterFirebaseMessagingBackgroundService"
106-->[:firebase_messaging] AndroidManifest.xml:13:13-107
107            android:exported="false"
107-->[:firebase_messaging] AndroidManifest.xml:14:13-37
108            android:permission="android.permission.BIND_JOB_SERVICE" />
108-->[:firebase_messaging] AndroidManifest.xml:15:13-69
109        <service
109-->[:firebase_messaging] AndroidManifest.xml:16:9-22:19
110            android:name="io.flutter.plugins.firebase.messaging.FlutterFirebaseMessagingService"
110-->[:firebase_messaging] AndroidManifest.xml:17:13-97
111            android:exported="false" >
111-->[:firebase_messaging] AndroidManifest.xml:18:13-37
112            <intent-filter>
112-->[:firebase_messaging] AndroidManifest.xml:19:13-21:29
113                <action android:name="com.google.firebase.MESSAGING_EVENT" />
113-->[:firebase_messaging] AndroidManifest.xml:20:17-78
113-->[:firebase_messaging] AndroidManifest.xml:20:25-75
114            </intent-filter>
115        </service>
116
117        <receiver
117-->[:firebase_messaging] AndroidManifest.xml:24:9-31:20
118            android:name="io.flutter.plugins.firebase.messaging.FlutterFirebaseMessagingReceiver"
118-->[:firebase_messaging] AndroidManifest.xml:25:13-98
119            android:exported="true"
119-->[:firebase_messaging] AndroidManifest.xml:26:13-36
120            android:permission="com.google.android.c2dm.permission.SEND" >
120-->[:firebase_messaging] AndroidManifest.xml:27:13-73
121            <intent-filter>
121-->[:firebase_messaging] AndroidManifest.xml:28:13-30:29
122                <action android:name="com.google.android.c2dm.intent.RECEIVE" />
122-->[:firebase_messaging] AndroidManifest.xml:29:17-81
122-->[:firebase_messaging] AndroidManifest.xml:29:25-78
123            </intent-filter>
124        </receiver>
125
126        <provider
126-->[:firebase_messaging] AndroidManifest.xml:39:9-43:38
127            android:name="io.flutter.plugins.firebase.messaging.FlutterFirebaseMessagingInitProvider"
127-->[:firebase_messaging] AndroidManifest.xml:40:13-102
128            android:authorities="com.example.my_project.flutterfirebasemessaginginitprovider"
128-->[:firebase_messaging] AndroidManifest.xml:41:13-88
129            android:exported="false"
129-->[:firebase_messaging] AndroidManifest.xml:42:13-37
130            android:initOrder="99" />
130-->[:firebase_messaging] AndroidManifest.xml:43:13-35
131
132        <receiver
132-->[:flutter_local_notifications] AndroidManifest.xml:13:9-15:40
133            android:name="com.dexterous.flutterlocalnotifications.ScheduledNotificationReceiver"
133-->[:flutter_local_notifications] AndroidManifest.xml:14:13-97
134            android:exported="false" />
134-->[:flutter_local_notifications] AndroidManifest.xml:15:13-37
135        <receiver
135-->[:flutter_local_notifications] AndroidManifest.xml:16:9-25:20
136            android:name="com.dexterous.flutterlocalnotifications.ScheduledNotificationBootReceiver"
136-->[:flutter_local_notifications] AndroidManifest.xml:17:13-101
137            android:exported="false" >
137-->[:flutter_local_notifications] AndroidManifest.xml:18:13-37
138            <intent-filter>
138-->[:flutter_local_notifications] AndroidManifest.xml:19:13-24:29
139                <action android:name="android.intent.action.BOOT_COMPLETED" />
139-->[:flutter_local_notifications] AndroidManifest.xml:20:17-79
139-->[:flutter_local_notifications] AndroidManifest.xml:20:25-76
140                <action android:name="android.intent.action.MY_PACKAGE_REPLACED" />
140-->[:flutter_local_notifications] AndroidManifest.xml:21:17-84
140-->[:flutter_local_notifications] AndroidManifest.xml:21:25-81
141                <action android:name="android.intent.action.QUICKBOOT_POWERON" />
141-->[:flutter_local_notifications] AndroidManifest.xml:22:17-82
141-->[:flutter_local_notifications] AndroidManifest.xml:22:25-79
142                <action android:name="com.htc.intent.action.QUICKBOOT_POWERON" />
142-->[:flutter_local_notifications] AndroidManifest.xml:23:17-82
142-->[:flutter_local_notifications] AndroidManifest.xml:23:25-79
143            </intent-filter>
144        </receiver>
145
146        <uses-library
146-->[androidx.window:window:1.0.0-beta04] AndroidManifest.xml:25:9-27:40
147            android:name="androidx.window.extensions"
147-->[androidx.window:window:1.0.0-beta04] AndroidManifest.xml:26:13-54
148            android:required="false" />
148-->[androidx.window:window:1.0.0-beta04] AndroidManifest.xml:27:13-37
149        <uses-library
149-->[androidx.window:window:1.0.0-beta04] AndroidManifest.xml:28:9-30:40
150            android:name="androidx.window.sidecar"
150-->[androidx.window:window:1.0.0-beta04] AndroidManifest.xml:29:13-51
151            android:required="false" />
151-->[androidx.window:window:1.0.0-beta04] AndroidManifest.xml:30:13-37
152
153        <activity
153-->[com.google.firebase:firebase-auth:21.0.1] AndroidManifest.xml:27:9-44:20
154            android:name="com.google.firebase.auth.internal.GenericIdpActivity"
154-->[com.google.firebase:firebase-auth:21.0.1] AndroidManifest.xml:28:13-80
155            android:excludeFromRecents="true"
155-->[com.google.firebase:firebase-auth:21.0.1] AndroidManifest.xml:29:13-46
156            android:exported="true"
156-->[com.google.firebase:firebase-auth:21.0.1] AndroidManifest.xml:30:13-36
157            android:launchMode="singleTask"
157-->[com.google.firebase:firebase-auth:21.0.1] AndroidManifest.xml:31:13-44
158            android:theme="@android:style/Theme.Translucent.NoTitleBar" >
158-->[com.google.firebase:firebase-auth:21.0.1] AndroidManifest.xml:32:13-72
159            <intent-filter>
159-->[com.google.firebase:firebase-auth:21.0.1] AndroidManifest.xml:33:13-43:29
160                <action android:name="android.intent.action.VIEW" />
160-->[com.google.firebase:firebase-auth:21.0.1] AndroidManifest.xml:34:17-69
160-->[com.google.firebase:firebase-auth:21.0.1] AndroidManifest.xml:34:25-66
161
162                <category android:name="android.intent.category.DEFAULT" />
162-->[com.google.firebase:firebase-auth:21.0.1] AndroidManifest.xml:36:17-76
162-->[com.google.firebase:firebase-auth:21.0.1] AndroidManifest.xml:36:27-73
163                <category android:name="android.intent.category.BROWSABLE" />
163-->[com.google.firebase:firebase-auth:21.0.1] AndroidManifest.xml:37:17-78
163-->[com.google.firebase:firebase-auth:21.0.1] AndroidManifest.xml:37:27-75
164
165                <data
165-->[com.google.firebase:firebase-auth:21.0.1] AndroidManifest.xml:39:17-42:51
166                    android:host="firebase.auth"
166-->[com.google.firebase:firebase-auth:21.0.1] AndroidManifest.xml:40:21-49
167                    android:path="/"
167-->[com.google.firebase:firebase-auth:21.0.1] AndroidManifest.xml:41:21-37
168                    android:scheme="genericidp" />
168-->[com.google.firebase:firebase-auth:21.0.1] AndroidManifest.xml:42:21-48
169            </intent-filter>
170        </activity>
171        <activity
171-->[com.google.firebase:firebase-auth:21.0.1] AndroidManifest.xml:45:9-62:20
172            android:name="com.google.firebase.auth.internal.RecaptchaActivity"
172-->[com.google.firebase:firebase-auth:21.0.1] AndroidManifest.xml:46:13-79
173            android:excludeFromRecents="true"
173-->[com.google.firebase:firebase-auth:21.0.1] AndroidManifest.xml:47:13-46
174            android:exported="true"
174-->[com.google.firebase:firebase-auth:21.0.1] AndroidManifest.xml:48:13-36
175            android:launchMode="singleTask"
175-->[com.google.firebase:firebase-auth:21.0.1] AndroidManifest.xml:49:13-44
176            android:theme="@android:style/Theme.Translucent.NoTitleBar" >
176-->[com.google.firebase:firebase-auth:21.0.1] AndroidManifest.xml:50:13-72
177            <intent-filter>
177-->[com.google.firebase:firebase-auth:21.0.1] AndroidManifest.xml:51:13-61:29
178                <action android:name="android.intent.action.VIEW" />
178-->[com.google.firebase:firebase-auth:21.0.1] AndroidManifest.xml:34:17-69
178-->[com.google.firebase:firebase-auth:21.0.1] AndroidManifest.xml:34:25-66
179
180                <category android:name="android.intent.category.DEFAULT" />
180-->[com.google.firebase:firebase-auth:21.0.1] AndroidManifest.xml:36:17-76
180-->[com.google.firebase:firebase-auth:21.0.1] AndroidManifest.xml:36:27-73
181                <category android:name="android.intent.category.BROWSABLE" />
181-->[com.google.firebase:firebase-auth:21.0.1] AndroidManifest.xml:37:17-78
181-->[com.google.firebase:firebase-auth:21.0.1] AndroidManifest.xml:37:27-75
182
183                <data
183-->[com.google.firebase:firebase-auth:21.0.1] AndroidManifest.xml:39:17-42:51
184                    android:host="firebase.auth"
184-->[com.google.firebase:firebase-auth:21.0.1] AndroidManifest.xml:40:21-49
185                    android:path="/"
185-->[com.google.firebase:firebase-auth:21.0.1] AndroidManifest.xml:41:21-37
186                    android:scheme="recaptcha" />
186-->[com.google.firebase:firebase-auth:21.0.1] AndroidManifest.xml:42:21-48
187            </intent-filter>
188        </activity>
189
190        <service
190-->[com.google.firebase:firebase-auth:21.0.1] AndroidManifest.xml:64:9-73:19
191            android:name="com.google.firebase.auth.api.fallback.service.FirebaseAuthFallbackService"
191-->[com.google.firebase:firebase-auth:21.0.1] AndroidManifest.xml:65:13-101
192            android:enabled="true"
192-->[com.google.firebase:firebase-auth:21.0.1] AndroidManifest.xml:66:13-35
193            android:exported="false" >
193-->[com.google.firebase:firebase-auth:21.0.1] AndroidManifest.xml:67:13-37
194            <intent-filter>
194-->[com.google.firebase:firebase-auth:21.0.1] AndroidManifest.xml:68:13-72:29
195                <action android:name="com.google.firebase.auth.api.gms.service.START" />
195-->[com.google.firebase:firebase-auth:21.0.1] AndroidManifest.xml:69:17-89
195-->[com.google.firebase:firebase-auth:21.0.1] AndroidManifest.xml:69:25-86
196
197                <category android:name="android.intent.category.DEFAULT" />
197-->[com.google.firebase:firebase-auth:21.0.1] AndroidManifest.xml:36:17-76
197-->[com.google.firebase:firebase-auth:21.0.1] AndroidManifest.xml:36:27-73
198            </intent-filter>
199        </service>
200
201        <receiver
201-->[com.google.firebase:firebase-messaging:23.0.0] AndroidManifest.xml:28:9-35:20
202            android:name="com.google.firebase.iid.FirebaseInstanceIdReceiver"
202-->[com.google.firebase:firebase-messaging:23.0.0] AndroidManifest.xml:29:13-78
203            android:exported="true"
203-->[com.google.firebase:firebase-messaging:23.0.0] AndroidManifest.xml:30:13-36
204            android:permission="com.google.android.c2dm.permission.SEND" >
204-->[com.google.firebase:firebase-messaging:23.0.0] AndroidManifest.xml:31:13-73
205            <intent-filter>
205-->[:firebase_messaging] AndroidManifest.xml:28:13-30:29
206                <action android:name="com.google.android.c2dm.intent.RECEIVE" />
206-->[:firebase_messaging] AndroidManifest.xml:29:17-81
206-->[:firebase_messaging] AndroidManifest.xml:29:25-78
207            </intent-filter>
208        </receiver>
209        <!--
210             FirebaseMessagingService performs security checks at runtime,
211             but set to not exported to explicitly avoid allowing another app to call it.
212        -->
213        <service
213-->[com.google.firebase:firebase-messaging:23.0.0] AndroidManifest.xml:41:9-48:19
214            android:name="com.google.firebase.messaging.FirebaseMessagingService"
214-->[com.google.firebase:firebase-messaging:23.0.0] AndroidManifest.xml:42:13-82
215            android:directBootAware="true"
215-->[com.google.firebase:firebase-messaging:23.0.0] AndroidManifest.xml:43:13-43
216            android:exported="false" >
216-->[com.google.firebase:firebase-messaging:23.0.0] AndroidManifest.xml:44:13-37
217            <intent-filter android:priority="-500" >
217-->[:firebase_messaging] AndroidManifest.xml:19:13-21:29
218                <action android:name="com.google.firebase.MESSAGING_EVENT" />
218-->[:firebase_messaging] AndroidManifest.xml:20:17-78
218-->[:firebase_messaging] AndroidManifest.xml:20:25-75
219            </intent-filter>
220        </service>
221
222        <provider
222-->[com.google.firebase:firebase-common:20.0.0] AndroidManifest.xml:26:9-31:39
223            android:name="com.google.firebase.provider.FirebaseInitProvider"
223-->[com.google.firebase:firebase-common:20.0.0] AndroidManifest.xml:27:13-77
224            android:authorities="com.example.my_project.firebaseinitprovider"
224-->[com.google.firebase:firebase-common:20.0.0] AndroidManifest.xml:28:13-72
225            android:directBootAware="true"
225-->[com.google.firebase:firebase-common:20.0.0] AndroidManifest.xml:29:13-43
226            android:exported="false"
226-->[com.google.firebase:firebase-common:20.0.0] AndroidManifest.xml:30:13-37
227            android:initOrder="100" />
227-->[com.google.firebase:firebase-common:20.0.0] AndroidManifest.xml:31:13-36
228
229        <receiver
229-->[com.google.android.gms:play-services-measurement:20.0.2] AndroidManifest.xml:29:9-33:20
230            android:name="com.google.android.gms.measurement.AppMeasurementReceiver"
230-->[com.google.android.gms:play-services-measurement:20.0.2] AndroidManifest.xml:30:13-85
231            android:enabled="true"
231-->[com.google.android.gms:play-services-measurement:20.0.2] AndroidManifest.xml:31:13-35
232            android:exported="false" >
232-->[com.google.android.gms:play-services-measurement:20.0.2] AndroidManifest.xml:32:13-37
233        </receiver>
234
235        <service
235-->[com.google.android.gms:play-services-measurement:20.0.2] AndroidManifest.xml:35:9-38:40
236            android:name="com.google.android.gms.measurement.AppMeasurementService"
236-->[com.google.android.gms:play-services-measurement:20.0.2] AndroidManifest.xml:36:13-84
237            android:enabled="true"
237-->[com.google.android.gms:play-services-measurement:20.0.2] AndroidManifest.xml:37:13-35
238            android:exported="false" />
238-->[com.google.android.gms:play-services-measurement:20.0.2] AndroidManifest.xml:38:13-37
239        <service
239-->[com.google.android.gms:play-services-measurement:20.0.2] AndroidManifest.xml:39:9-43:72
240            android:name="com.google.android.gms.measurement.AppMeasurementJobService"
240-->[com.google.android.gms:play-services-measurement:20.0.2] AndroidManifest.xml:40:13-87
241            android:enabled="true"
241-->[com.google.android.gms:play-services-measurement:20.0.2] AndroidManifest.xml:41:13-35
242            android:exported="false"
242-->[com.google.android.gms:play-services-measurement:20.0.2] AndroidManifest.xml:42:13-37
243            android:permission="android.permission.BIND_JOB_SERVICE" />
243-->[com.google.android.gms:play-services-measurement:20.0.2] AndroidManifest.xml:43:13-69
244
245        <activity
245-->[com.google.android.gms:play-services-auth:20.0.1] AndroidManifest.xml:23:9-27:75
246            android:name="com.google.android.gms.auth.api.signin.internal.SignInHubActivity"
246-->[com.google.android.gms:play-services-auth:20.0.1] AndroidManifest.xml:24:13-93
247            android:excludeFromRecents="true"
247-->[com.google.android.gms:play-services-auth:20.0.1] AndroidManifest.xml:25:13-46
248            android:exported="false"
248-->[com.google.android.gms:play-services-auth:20.0.1] AndroidManifest.xml:26:13-37
249            android:theme="@android:style/Theme.Translucent.NoTitleBar" />
249-->[com.google.android.gms:play-services-auth:20.0.1] AndroidManifest.xml:27:13-72
250        <!--
251            Service handling Google Sign-In user revocation. For apps that do not integrate with
252            Google Sign-In, this service will never be started.
253        -->
254        <service
254-->[com.google.android.gms:play-services-auth:20.0.1] AndroidManifest.xml:33:9-37:51
255            android:name="com.google.android.gms.auth.api.signin.RevocationBoundService"
255-->[com.google.android.gms:play-services-auth:20.0.1] AndroidManifest.xml:34:13-89
256            android:exported="true"
256-->[com.google.android.gms:play-services-auth:20.0.1] AndroidManifest.xml:35:13-36
257            android:permission="com.google.android.gms.auth.api.signin.permission.REVOCATION_NOTIFICATION"
257-->[com.google.android.gms:play-services-auth:20.0.1] AndroidManifest.xml:36:13-107
258            android:visibleToInstantApps="true" />
258-->[com.google.android.gms:play-services-auth:20.0.1] AndroidManifest.xml:37:13-48
259
260        <activity
260-->[com.google.android.gms:play-services-base:18.0.1] AndroidManifest.xml:20:9-22:45
261            android:name="com.google.android.gms.common.api.GoogleApiActivity"
261-->[com.google.android.gms:play-services-base:18.0.1] AndroidManifest.xml:20:19-85
262            android:exported="false"
262-->[com.google.android.gms:play-services-base:18.0.1] AndroidManifest.xml:22:19-43
263            android:theme="@android:style/Theme.Translucent.NoTitleBar" />
263-->[com.google.android.gms:play-services-base:18.0.1] AndroidManifest.xml:21:19-78
264
265        <meta-data
265-->[com.google.android.gms:play-services-basement:18.0.0] AndroidManifest.xml:21:9-23:69
266            android:name="com.google.android.gms.version"
266-->[com.google.android.gms:play-services-basement:18.0.0] AndroidManifest.xml:22:13-58
267            android:value="@integer/google_play_services_version" />
267-->[com.google.android.gms:play-services-basement:18.0.0] AndroidManifest.xml:23:13-66
268
269        <service
269-->[com.google.android.datatransport:transport-backend-cct:3.0.0] AndroidManifest.xml:29:9-35:19
270            android:name="com.google.android.datatransport.runtime.backends.TransportBackendDiscovery"
270-->[com.google.android.datatransport:transport-backend-cct:3.0.0] AndroidManifest.xml:30:13-103
271            android:exported="false" >
271-->[com.google.android.datatransport:transport-backend-cct:3.0.0] AndroidManifest.xml:31:13-37
272            <meta-data
272-->[com.google.android.datatransport:transport-backend-cct:3.0.0] AndroidManifest.xml:32:13-34:39
273                android:name="backend:com.google.android.datatransport.cct.CctBackendFactory"
273-->[com.google.android.datatransport:transport-backend-cct:3.0.0] AndroidManifest.xml:33:17-94
274                android:value="cct" />
274-->[com.google.android.datatransport:transport-backend-cct:3.0.0] AndroidManifest.xml:34:17-36
275        </service>
276        <service
276-->[com.google.android.datatransport:transport-runtime:3.0.0] AndroidManifest.xml:26:9-30:19
277            android:name="com.google.android.datatransport.runtime.scheduling.jobscheduling.JobInfoSchedulerService"
277-->[com.google.android.datatransport:transport-runtime:3.0.0] AndroidManifest.xml:27:13-117
278            android:exported="false"
278-->[com.google.android.datatransport:transport-runtime:3.0.0] AndroidManifest.xml:28:13-37
279            android:permission="android.permission.BIND_JOB_SERVICE" >
279-->[com.google.android.datatransport:transport-runtime:3.0.0] AndroidManifest.xml:29:13-69
280        </service>
281
282        <receiver
282-->[com.google.android.datatransport:transport-runtime:3.0.0] AndroidManifest.xml:32:9-34:40
283            android:name="com.google.android.datatransport.runtime.scheduling.jobscheduling.AlarmManagerSchedulerBroadcastReceiver"